%!Adobe-FontList 1.22
%Locale:0x409

%BeginFont
Handler:DirectoryHandler
FontType:TrueType
FontName:Inter-Black
FamilyName:Inter
StyleName:Black
FullName:Inter Black
MenuName:Inter Black
StyleBits:0
WritingScript:Roman
OutlineFileName:C:\Users\klwdx\Desktop\Document fonts\Inter-Black.ttf
DataFormat:sfntData
hasSVG:no
VariableFontType:NonVariableFont
FileLength:316372
FileModTime:1646930799
WeightClass:900
WidthClass:5
AngleClass:0
NameArray:0,Win,1,Inter Black
NameArray:0,Win,16,Inter
%EndFont

%BeginFont
Handler:DirectoryHandler
FontType:TrueType
FontName:Inter-Bold
FamilyName:Inter
StyleName:Bold
FullName:Inter Bold
MenuName:Inter
StyleBits:2
WritingScript:Roman
OutlineFileName:C:\Users\klwdx\Desktop\Document fonts\Inter-Bold.ttf
DataFormat:sfntData
hasSVG:no
VariableFontType:NonVariableFont
FileLength:316100
FileModTime:1646930799
WeightClass:700
WidthClass:5
AngleClass:0
NameArray:0,Win,1,Inter
%EndFont

%BeginFont
Handler:DirectoryHandler
FontType:TrueType
FontName:Inter-ExtraBold
FamilyName:Inter
StyleName:ExtraBold
FullName:Inter ExtraBold
MenuName:Inter ExtraBold
StyleBits:0
WritingScript:Roman
OutlineFileName:C:\Users\klwdx\Desktop\Document fonts\Inter-ExtraBold.ttf
DataFormat:sfntData
hasSVG:no
VariableFontType:NonVariableFont
FileLength:316716
FileModTime:1579807800
WeightClass:800
WidthClass:5
AngleClass:0
NameArray:0,Win,1,Inter ExtraBold
NameArray:0,Win,16,Inter
%EndFont

%BeginFont
Handler:DirectoryHandler
FontType:TrueType
FontName:Inter-Light
FamilyName:Inter
StyleName:Light
FullName:Inter Light
MenuName:Inter Light
StyleBits:0
WritingScript:Roman
OutlineFileName:C:\Users\klwdx\Desktop\Document fonts\Inter-Light.ttf
DataFormat:sfntData
hasSVG:no
VariableFontType:NonVariableFont
FileLength:310420
FileModTime:1646930799
WeightClass:300
WidthClass:5
AngleClass:0
NameArray:0,Win,1,Inter Light
NameArray:0,Win,16,Inter
%EndFont

%BeginFont
Handler:DirectoryHandler
FontType:TrueType
FontName:Inter-Medium
FamilyName:Inter
StyleName:Medium
FullName:Inter Medium
MenuName:Inter Medium
StyleBits:0
WritingScript:Roman
OutlineFileName:C:\Users\klwdx\Desktop\Document fonts\Inter-Medium.ttf
DataFormat:sfntData
hasSVG:no
VariableFontType:NonVariableFont
FileLength:314712
FileModTime:1579807800
WeightClass:500
WidthClass:5
AngleClass:0
NameArray:0,Win,1,Inter Medium
NameArray:0,Win,16,Inter
%EndFont

%BeginFont
Handler:DirectoryHandler
FontType:TrueType
FontName:Inter-Regular
FamilyName:Inter
StyleName:Regular
FullName:Inter Regular
MenuName:Inter
StyleBits:0
WritingScript:Roman
OutlineFileName:C:\Users\klwdx\Desktop\Document fonts\Inter-Regular.ttf
DataFormat:sfntData
hasSVG:no
VariableFontType:NonVariableFont
FileLength:309828
FileModTime:1579807800
WeightClass:400
WidthClass:5
AngleClass:0
NameArray:0,Win,1,Inter
%EndFont

%BeginFont
Handler:DirectoryHandler
FontType:TrueType
FontName:Inter-SemiBold
FamilyName:Inter
StyleName:SemiBold
FullName:Inter SemiBold
MenuName:Inter SemiBold
StyleBits:0
WritingScript:Roman
OutlineFileName:C:\Users\klwdx\Desktop\Document fonts\Inter-SemiBold.ttf
DataFormat:sfntData
hasSVG:no
VariableFontType:NonVariableFont
FileLength:315756
FileModTime:1646930800
WeightClass:600
WidthClass:5
AngleClass:0
NameArray:0,Win,1,Inter SemiBold
NameArray:0,Win,16,Inter
%EndFont

%BeginFont
Handler:DirectoryHandler
FontType:TrueType
FontName:JMHTypewriter-Bold
FamilyName:JMH Typewriter
StyleName:Bold
FullName:JMHTypewriter-Bold
MenuName:JMH Typewriter
StyleBits:2
WritingScript:Roman
OutlineFileName:C:\Users\klwdx\Desktop\Document fonts\JMH Typewriter-Bold.ttf
DataFormat:sfntData
hasSVG:no
VariableFontType:NonVariableFont
FileLength:470960
FileModTime:1535715820
WeightClass:700
WidthClass:5
AngleClass:0
NameArray:0,Mac,18,JMH Typewriter Bold
NameArray:0,Mac,4,JMH Typewriter Bold
NameArray:0,Win,1,JMH Typewriter
NameArray:0,Win,16,JMH Typewriter
%EndFont

%BeginFont
Handler:DirectoryHandler
FontType:Type1
FontName:JMHTypewriter-Thin
FamilyName:JMH Typewriter
StyleName:Thin
FullName:JMH Typewriter Thin
MenuName:JMH Typewriter
StyleBits:0
WritingScript:Roman
OutlineFileName:C:\Users\klwdx\Desktop\Document fonts\JMH Typewriter-Thin.otf
DataFormat:sfntData
UsesStandardEncoding:yes
isCFF:yes
hasSVG:no
VariableFontType:NonVariableFont
FileLength:324348
FileModTime:1535716904
WeightClass:250
WidthClass:5
AngleClass:0
NameArray:0,Mac,18,JMH Typewriter Thin
NameArray:0,Mac,4,JMH Typewriter Thin
NameArray:0,Win,1,JMH Typewriter
NameArray:0,Win,16,JMH Typewriter
%EndFont

%BeginFont
Handler:DirectoryHandler
FontType:Type1
FontName:MinionPro-Regular
FamilyName:Minion Pro
StyleName:Regular
FullName:Minion Pro
MenuName:Minion Pro
StyleBits:0
WritingScript:Roman
OutlineFileName:C:\Users\klwdx\Desktop\Document fonts\MinionPro-Regular_1.otf
DataFormat:sfntData
UsesStandardEncoding:yes
isCFF:yes
hasSVG:no
VariableFontType:NonVariableFont
FileLength:217280
FileModTime:1329290626
WeightClass:400
WidthClass:5
AngleClass:0
DesignSize:110
NameArray:0,Mac,4,Minion Pro
NameArray:0,Win,1,Minion Pro
%EndFont

%BeginFont
Handler:DirectoryHandler
FontType:TrueType
FontName:Muli-Italic
FamilyName:Muli
StyleName:Italic
FullName:Muli Italic
MenuName:Muli
StyleBits:1
WritingScript:Roman
OutlineFileName:C:\Users\klwdx\Desktop\Document fonts\Muli-Italic.ttf
DataFormat:sfntData
hasSVG:no
VariableFontType:NonVariableFont
FileLength:95904
FileModTime:1534718590
WeightClass:400
WidthClass:5
AngleClass:1
NameArray:0,Mac,4,Muli Italic
NameArray:0,Win,1,Muli
%EndFont

